OSS: Launched child process 0 in slot 0
OSS: Launched child process 48 in slot 0
Current system resources (available/total):
R0: 44/385378304  R4096: 18/385378304  R4096: 21/385378304  R4096: 21/385378304  R4096: 21/385378304  
Current process allocations:
    R97 R97 R97 R97 R97 
P0   0  4  8 12 16 
P48 20 24 28 32 36 

==== Simulation Statistics ====
Requests granted immediately: 97
Requests granted after waiting: 97
Processes terminated by deadlock: 97
Processes terminated normally: 97
Deadlock detection runs: 97
Processes terminated per deadlock event: 97
===============================

OSS: Launched child process 96 in slot 0
OSS: Launched child process 144 in slot 0
Current system resources (available/total):
R0: 44/385378304  R4096: 18/385378304  R4096: 21/385378304  R4096: 21/385378304  R4096: 21/385378304  
Current process allocations:
    R97 R97 R97 R97 R97 
P0   0  4  8 12 16 
P48 20 24 28 32 36 
P96 40 44 48 52 56 
P144 60 64 68 72 76 

==== Simulation Statistics ====
Requests granted immediately: 97
Requests granted after waiting: 97
Processes terminated by deadlock: 97
Processes terminated normally: 97
Deadlock detection runs: 97
Processes terminated per deadlock event: 97
===============================

OSS: Launched child process 192 in slot 0
OSS: Launched child process 240 in slot 0
Current system resources (available/total):
R0: 44/385378304  R4096: 18/385378304  R4096: 21/385378304  R4096: 21/385378304  R4096: 21/385378304  
Current process allocations:
    R97 R97 R97 R97 R97 
P0   0  4  8 12 16 
P48 20 24 28 32 36 
P96 40 44 48 52 56 
P144 60 64 68 72 76 
P192 80 84 88 92 96 
P240 100 104 108 112 116 

==== Simulation Statistics ====
Requests granted immediately: 97
Requests granted after waiting: 97
Processes terminated by deadlock: 97
Processes terminated normally: 97
Deadlock detection runs: 97
Processes terminated per deadlock event: 97
===============================

OSS: Launched child process 288 in slot 0
Current system resources (available/total):
R0: 44/385378304  R4096: 18/385378304  R4096: 21/385378304  R4096: 21/385378304  R4096: 21/385378304  
Current process allocations:
    R97 R97 R97 R97 R97 
P0   0  4  8 12 16 
P48 20 24 28 32 36 
P96 40 44 48 52 56 
P144 60 64 68 72 76 
P192 80 84 88 92 96 
P240 100 104 108 112 116 
P288 120 124 128 132 136 

==== Simulation Statistics ====
Requests granted immediately: 97
Requests granted after waiting: 97
Processes terminated by deadlock: 97
Processes terminated normally: 97
Deadlock detection runs: 97
Processes terminated per deadlock event: 97
===============================

OSS: Launched child process 336 in slot 0
Current system resources (available/total):
R0: 44/385378304  R4096: 18/385378304  R4096: 21/385378304  R4096: 21/385378304  R4096: 21/385378304  
Current process allocations:
    R97 R97 R97 R97 R97 
P0   0  4  8 12 16 
P48 20 24 28 32 36 
P96 40 44 48 52 56 
P144 60 64 68 72 76 
P192 80 84 88 92 96 
P240 100 104 108 112 116 
P288 120 124 128 132 136 
P336 140 144 148 152 156 

==== Simulation Statistics ====
Requests granted immediately: 97
Requests granted after waiting: 97
Processes terminated by deadlock: 97
Processes terminated normally: 97
Deadlock detection runs: 97
Processes terminated per deadlock event: 97
===============================

OSS: Launched child process 384 in slot 0
Current system resources (available/total):
R0: 44/385378304  R4096: 18/385378304  R4096: 21/385378304  R4096: 21/385378304  R4096: 21/385378304  
Current process allocations:
    R97 R97 R97 R97 R97 
P0   0  4  8 12 16 
P48 20 24 28 32 36 
P96 40 44 48 52 56 
P144 60 64 68 72 76 
P192 80 84 88 92 96 
P240 100 104 108 112 116 
P288 120 124 128 132 136 
P336 140 144 148 152 156 
P384 160 164 168 172 176 

==== Simulation Statistics ====
Requests granted immediately: 97
Requests granted after waiting: 97
Processes terminated by deadlock: 97
Processes terminated normally: 97
Deadlock detection runs: 97
Processes terminated per deadlock event: 97
===============================

OSS: Launched child process 432 in slot 0
Current system resources (available/total):
R0: 44/385378304  R4096: 18/385378304  R4096: 21/385378304  R4096: 21/385378304  R4096: 21/385378304  
Current process allocations:
    R97 R97 R97 R97 R97 
P0   0  4  8 12 16 
P48 20 24 28 32 36 
P96 40 44 48 52 56 
P144 60 64 68 72 76 
P192 80 84 88 92 96 
P240 100 104 108 112 116 
P288 120 124 128 132 136 
P336 140 144 148 152 156 
P384 160 164 168 172 176 
P432 180 184 188 192 196 

==== Simulation Statistics ====
Requests granted immediately: 97
Requests granted after waiting: 97
Processes terminated by deadlock: 97
Processes terminated normally: 97
Deadlock detection runs: 97
Processes terminated per deadlock event: 97
===============================

OSS: Launched child process 480 in slot 0
Current system resources (available/total):
R0: 44/385378304  R4096: 18/385378304  R4096: 21/385378304  R4096: 21/385378304  R4096: 21/385378304  
Current process allocations:
    R97 R97 R97 R97 R97 
P0   0  4  8 12 16 
P48 20 24 28 32 36 
P96 40 44 48 52 56 
P144 60 64 68 72 76 
P192 80 84 88 92 96 
P240 100 104 108 112 116 
P288 120 124 128 132 136 
P336 140 144 148 152 156 
P384 160 164 168 172 176 
P432 180 184 188 192 196 
P480 200 204 208 212 216 

==== Simulation Statistics ====
Requests granted immediately: 97
Requests granted after waiting: 97
Processes terminated by deadlock: 97
Processes terminated normally: 97
Deadlock detection runs: 97
Processes terminated per deadlock event: 97
===============================

OSS: Launched child process 528 in slot 0
Current system resources (available/total):
R0: 44/385378304  R4096: 18/385378304  R4096: 21/385378304  R4096: 21/385378304  R4096: 21/385378304  
Current process allocations:
    R97 R97 R97 R97 R97 
P0   0  4  8 12 16 
P48 20 24 28 32 36 
P96 40 44 48 52 56 
P144 60 64 68 72 76 
P192 80 84 88 92 96 
P240 100 104 108 112 116 
P288 120 124 128 132 136 
P336 140 144 148 152 156 
P384 160 164 168 172 176 
P432 180 184 188 192 196 
P480 200 204 208 212 216 
P528 220 224 228 232 236 

==== Simulation Statistics ====
Requests granted immediately: 97
Requests granted after waiting: 97
Processes terminated by deadlock: 97
Processes terminated normally: 97
Deadlock detection runs: 97
Processes terminated per deadlock event: 97
===============================

OSS: Launched child process 576 in slot 0
Current system resources (available/total):
R0: 44/385378304  R4096: 18/385378304  R4096: 21/385378304  R4096: 21/385378304  R4096: 21/385378304  
Current process allocations:
    R97 R97 R97 R97 R97 
P0   0  4  8 12 16 
P48 20 24 28 32 36 
P96 40 44 48 52 56 
P144 60 64 68 72 76 
P192 80 84 88 92 96 
P240 100 104 108 112 116 
P288 120 124 128 132 136 
P336 140 144 148 152 156 
P384 160 164 168 172 176 
P432 180 184 188 192 196 
P480 200 204 208 212 216 
P528 220 224 228 232 236 
P576 240 244 248 252 256 

==== Simulation Statistics ====
Requests granted immediately: 97
Requests granted after waiting: 97
Processes terminated by deadlock: 97
Processes terminated normally: 97
Deadlock detection runs: 97
Processes terminated per deadlock event: 97
===============================

OSS: Launched child process 624 in slot 0
Current system resources (available/total):
R0: 44/385378304  R4096: 18/385378304  R4096: 21/385378304  R4096: 21/385378304  R4096: 21/385378304  
Current process allocations:
    R97 R97 R97 R97 R97 
P0   0  4  8 12 16 
P48 20 24 28 32 36 
P96 40 44 48 52 56 
P144 60 64 68 72 76 
P192 80 84 88 92 96 
P240 100 104 108 112 116 
P288 120 124 128 132 136 
P336 140 144 148 152 156 
P384 160 164 168 172 176 
P432 180 184 188 192 196 
P480 200 204 208 212 216 
P528 220 224 228 232 236 
P576 240 244 248 252 256 
P624 260 264 268 272 276 

==== Simulation Statistics ====
Requests granted immediately: 97
Requests granted after waiting: 97
Processes terminated by deadlock: 97
Processes terminated normally: 97
Deadlock detection runs: 97
Processes terminated per deadlock event: 97
===============================

OSS: Launched child process 672 in slot 0
Current system resources (available/total):
R0: 44/385378304  R4096: 18/385378304  R4096: 21/385378304  R4096: 21/385378304  R4096: 21/385378304  
Current process allocations:
    R97 R97 R97 R97 R97 
P0   0  4  8 12 16 
P48 20 24 28 32 36 
P96 40 44 48 52 56 
P144 60 64 68 72 76 
P192 80 84 88 92 96 
P240 100 104 108 112 116 
P288 120 124 128 132 136 
P336 140 144 148 152 156 
P384 160 164 168 172 176 
P432 180 184 188 192 196 
P480 200 204 208 212 216 
P528 220 224 228 232 236 
P576 240 244 248 252 256 
P624 260 264 268 272 276 
P672 280 284 288 292 296 

==== Simulation Statistics ====
Requests granted immediately: 97
Requests granted after waiting: 97
Processes terminated by deadlock: 97
Processes terminated normally: 97
Deadlock detection runs: 97
Processes terminated per deadlock event: 97
===============================

OSS: Launched child process 720 in slot 0
Current system resources (available/total):
R0: 44/385378304  R4096: 18/385378304  R4096: 21/385378304  R4096: 21/385378304  R4096: 21/385378304  
Current process allocations:
    R97 R97 R97 R97 R97 
P0   0  4  8 12 16 
P48 20 24 28 32 36 
P96 40 44 48 52 56 
P144 60 64 68 72 76 
P192 80 84 88 92 96 
P240 100 104 108 112 116 
P288 120 124 128 132 136 
P336 140 144 148 152 156 
P384 160 164 168 172 176 
P432 180 184 188 192 196 
P480 200 204 208 212 216 
P528 220 224 228 232 236 
P576 240 244 248 252 256 
P624 260 264 268 272 276 
P672 280 284 288 292 296 
P720 300 304 308 312 316 

==== Simulation Statistics ====
Requests granted immediately: 97
Requests granted after waiting: 97
Processes terminated by deadlock: 97
Processes terminated normally: 97
Deadlock detection runs: 97
Processes terminated per deadlock event: 97
===============================

OSS: Launched child process 768 in slot 0
Current system resources (available/total):
R0: 44/385378304  R4096: 18/385378304  R4096: 21/385378304  R4096: 21/385378304  R4096: 21/385378304  
Current process allocations:
    R97 R97 R97 R97 R97 
P0   0  4  8 12 16 
P48 20 24 28 32 36 
P96 40 44 48 52 56 
P144 60 64 68 72 76 
P192 80 84 88 92 96 
P240 100 104 108 112 116 
P288 120 124 128 132 136 
P336 140 144 148 152 156 
P384 160 164 168 172 176 
P432 180 184 188 192 196 
P480 200 204 208 212 216 
P528 220 224 228 232 236 
P576 240 244 248 252 256 
P624 260 264 268 272 276 
P672 280 284 288 292 296 
P720 300 304 308 312 316 
P768 320 324 328 332 336 

==== Simulation Statistics ====
Requests granted immediately: 97
Requests granted after waiting: 97
Processes terminated by deadlock: 97
Processes terminated normally: 97
Deadlock detection runs: 97
Processes terminated per deadlock event: 97
===============================

OSS: Launched child process 816 in slot 0
Current system resources (available/total):
R0: 44/385378304  R4096: 18/385378304  R4096: 21/385378304  R4096: 21/385378304  R4096: 21/385378304  
Current process allocations:
    R97 R97 R97 R97 R97 
P0   0  4  8 12 16 
P48 20 24 28 32 36 
P96 40 44 48 52 56 
P144 60 64 68 72 76 
P192 80 84 88 92 96 
P240 100 104 108 112 116 
P288 120 124 128 132 136 
P336 140 144 148 152 156 
P384 160 164 168 172 176 
P432 180 184 188 192 196 
P480 200 204 208 212 216 
P528 220 224 228 232 236 
P576 240 244 248 252 256 
P624 260 264 268 272 276 
P672 280 284 288 292 296 
P720 300 304 308 312 316 
P768 320 324 328 332 336 
P816 340 344 348 352 356 

==== Simulation Statistics ====
Requests granted immediately: 97
Requests granted after waiting: 97
Processes terminated by deadlock: 97
Processes terminated normally: 97
Deadlock detection runs: 97
Processes terminated per deadlock event: 97
===============================

Current system resources (available/total):
R0: 44/0  R4096: 10/0  R4096: 13/0  R4096: 13/0  R4096: 13/0  
Current process allocations:
    R97 R97 R97 R97 R97 
P0   0  4  8 12 16 
P48 20 24 28 32 36 
P96 40 44 48 52 56 
P144 60 64 68 72 76 
P192 80 84 88 92 96 
P240 100 104 108 112 116 
P288 120 124 128 132 136 
P336 140 144 148 152 156 
P384 160 164 168 172 176 
P432 180 184 188 192 196 
P480 200 204 208 212 216 
P528 220 224 228 232 236 
P576 240 244 248 252 256 
P624 260 264 268 272 276 
P672 280 284 288 292 296 
P720 300 304 308 312 316 
P768 320 324 328 332 336 
P816 340 344 348 352 356 

==== Simulation Statistics ====
Requests granted immediately: 97
Requests granted after waiting: 97
Processes terminated by deadlock: 97
Processes terminated normally: 97
Deadlock detection runs: 97
Processes terminated per deadlock event: 97
===============================

Current system resources (available/total):
R0: 44/0  R4096: 10/0  R4096: 13/0  R4096: 13/0  R4096: 13/0  
Current process allocations:
    R97 R97 R97 R97 R97 
P0   0  4  8 12 16 
P48 20 24 28 32 36 
P96 40 44 48 52 56 
P144 60 64 68 72 76 
P192 80 84 88 92 96 
P240 100 104 108 112 116 
P288 120 124 128 132 136 
P336 140 144 148 152 156 
P384 160 164 168 172 176 
P432 180 184 188 192 196 
P480 200 204 208 212 216 
P528 220 224 228 232 236 
P576 240 244 248 252 256 
P624 260 264 268 272 276 
P672 280 284 288 292 296 
P720 300 304 308 312 316 
P768 320 324 328 332 336 
P816 340 344 348 352 356 

==== Simulation Statistics ====
Requests granted immediately: 97
Requests granted after waiting: 97
Processes terminated by deadlock: 97
Processes terminated normally: 97
Deadlock detection runs: 97
Processes terminated per deadlock event: 97
===============================

Current system resources (available/total):
R0: 44/0  R4096: 10/0  R4096: 13/0  R4096: 13/0  R4096: 13/0  
Current process allocations:
    R97 R97 R97 R97 R97 
P0   0  4  8 12 16 
P48 20 24 28 32 36 
P96 40 44 48 52 56 
P144 60 64 68 72 76 
P192 80 84 88 92 96 
P240 100 104 108 112 116 
P288 120 124 128 132 136 
P336 140 144 148 152 156 
P384 160 164 168 172 176 
P432 180 184 188 192 196 
P480 200 204 208 212 216 
P528 220 224 228 232 236 
P576 240 244 248 252 256 
P624 260 264 268 272 276 
P672 280 284 288 292 296 
P720 300 304 308 312 316 
P768 320 324 328 332 336 
P816 340 344 348 352 356 

==== Simulation Statistics ====
Requests granted immediately: 97
Requests granted after waiting: 97
Processes terminated by deadlock: 97
Processes terminated normally: 97
Deadlock detection runs: 97
Processes terminated per deadlock event: 97
===============================

Current system resources (available/total):
R0: 44/0  R4096: 10/0  R4096: 13/0  R4096: 13/0  R4096: 13/0  
Current process allocations:
    R97 R97 R97 R97 R97 
P0   0  4  8 12 16 
P48 20 24 28 32 36 
P96 40 44 48 52 56 
P144 60 64 68 72 76 
P192 80 84 88 92 96 
P240 100 104 108 112 116 
P288 120 124 128 132 136 
P336 140 144 148 152 156 
P384 160 164 168 172 176 
P432 180 184 188 192 196 
P480 200 204 208 212 216 
P528 220 224 228 232 236 
P576 240 244 248 252 256 
P624 260 264 268 272 276 
P672 280 284 288 292 296 
P720 300 304 308 312 316 
P768 320 324 328 332 336 
P816 340 344 348 352 356 

==== Simulation Statistics ====
Requests granted immediately: 97
Requests granted after waiting: 97
Processes terminated by deadlock: 97
Processes terminated normally: 97
Deadlock detection runs: 97
Processes terminated per deadlock event: 97
===============================

Current system resources (available/total):
R0: 44/0  R4096: 10/0  R4096: 13/0  R4096: 13/0  R4096: 13/0  
Current process allocations:
    R97 R97 R97 R97 R97 
P0   0  4  8 12 16 
P48 20 24 28 32 36 
P96 40 44 48 52 56 
P144 60 64 68 72 76 
P192 80 84 88 92 96 
P240 100 104 108 112 116 
P288 120 124 128 132 136 
P336 140 144 148 152 156 
P384 160 164 168 172 176 
P432 180 184 188 192 196 
P480 200 204 208 212 216 
P528 220 224 228 232 236 
P576 240 244 248 252 256 
P624 260 264 268 272 276 
P672 280 284 288 292 296 
P720 300 304 308 312 316 
P768 320 324 328 332 336 
P816 340 344 348 352 356 

==== Simulation Statistics ====
Requests granted immediately: 97
Requests granted after waiting: 97
Processes terminated by deadlock: 97
Processes terminated normally: 97
Deadlock detection runs: 97
Processes terminated per deadlock event: 97
===============================

Current system resources (available/total):
R0: 44/0  R4096: 10/0  R4096: 13/0  R4096: 13/0  R4096: 13/0  
Current process allocations:
    R97 R97 R97 R97 R97 
P0   0  4  8 12 16 
P48 20 24 28 32 36 
P96 40 44 48 52 56 
P144 60 64 68 72 76 
P192 80 84 88 92 96 
P240 100 104 108 112 116 
P288 120 124 128 132 136 
P336 140 144 148 152 156 
P384 160 164 168 172 176 
P432 180 184 188 192 196 
P480 200 204 208 212 216 
P528 220 224 228 232 236 
P576 240 244 248 252 256 
P624 260 264 268 272 276 
P672 280 284 288 292 296 
P720 300 304 308 312 316 
P768 320 324 328 332 336 
P816 340 344 348 352 356 

==== Simulation Statistics ====
Requests granted immediately: 97
Requests granted after waiting: 97
Processes terminated by deadlock: 97
Processes terminated normally: 97
Deadlock detection runs: 97
Processes terminated per deadlock event: 97
===============================

Current system resources (available/total):
R0: 44/0  R4096: 10/0  R4096: 13/0  R4096: 13/0  R4096: 13/0  
Current process allocations:
    R97 R97 R97 R97 R97 
P0   0  4  8 12 16 
P48 20 24 28 32 36 
P96 40 44 48 52 56 
P144 60 64 68 72 76 
P192 80 84 88 92 96 
P240 100 104 108 112 116 
P288 120 124 128 132 136 
P336 140 144 148 152 156 
P384 160 164 168 172 176 
P432 180 184 188 192 196 
P480 200 204 208 212 216 
P528 220 224 228 232 236 
P576 240 244 248 252 256 
P624 260 264 268 272 276 
P672 280 284 288 292 296 
P720 300 304 308 312 316 
P768 320 324 328 332 336 
P816 340 344 348 352 356 

==== Simulation Statistics ====
Requests granted immediately: 97
Requests granted after waiting: 97
Processes terminated by deadlock: 97
Processes terminated normally: 97
Deadlock detection runs: 97
Processes terminated per deadlock event: 97
===============================

Current system resources (available/total):
R0: 44/0  R4096: 10/0  R4096: 13/0  R4096: 13/0  R4096: 13/0  
Current process allocations:
    R97 R97 R97 R97 R97 
P0   0  4  8 12 16 
P48 20 24 28 32 36 
P96 40 44 48 52 56 
P144 60 64 68 72 76 
P192 80 84 88 92 96 
P240 100 104 108 112 116 
P288 120 124 128 132 136 
P336 140 144 148 152 156 
P384 160 164 168 172 176 
P432 180 184 188 192 196 
P480 200 204 208 212 216 
P528 220 224 228 232 236 
P576 240 244 248 252 256 
P624 260 264 268 272 276 
P672 280 284 288 292 296 
P720 300 304 308 312 316 
P768 320 324 328 332 336 
P816 340 344 348 352 356 

==== Simulation Statistics ====
Requests granted immediately: 97
Requests granted after waiting: 97
Processes terminated by deadlock: 97
Processes terminated normally: 97
Deadlock detection runs: 97
Processes terminated per deadlock event: 97
===============================

Current system resources (available/total):
R0: 44/0  R4096: 10/0  R4096: 13/0  R4096: 13/0  R4096: 13/0  
Current process allocations:
    R97 R97 R97 R97 R97 
P0   0  4  8 12 16 
P48 20 24 28 32 36 
P96 40 44 48 52 56 
P144 60 64 68 72 76 
P192 80 84 88 92 96 
P240 100 104 108 112 116 
P288 120 124 128 132 136 
P336 140 144 148 152 156 
P384 160 164 168 172 176 
P432 180 184 188 192 196 
P480 200 204 208 212 216 
P528 220 224 228 232 236 
P576 240 244 248 252 256 
P624 260 264 268 272 276 
P672 280 284 288 292 296 
P720 300 304 308 312 316 
P768 320 324 328 332 336 
P816 340 344 348 352 356 

==== Simulation Statistics ====
Requests granted immediately: 97
Requests granted after waiting: 97
Processes terminated by deadlock: 97
Processes terminated normally: 97
Deadlock detection runs: 97
Processes terminated per deadlock event: 97
===============================

Current system resources (available/total):
R0: 44/0  R4096: 10/0  R4096: 13/0  R4096: 13/0  R4096: 13/0  
Current process allocations:
    R97 R97 R97 R97 R97 
P0   0  4  8 12 16 
P48 20 24 28 32 36 
P96 40 44 48 52 56 
P144 60 64 68 72 76 
P192 80 84 88 92 96 
P240 100 104 108 112 116 
P288 120 124 128 132 136 
P336 140 144 148 152 156 
P384 160 164 168 172 176 
P432 180 184 188 192 196 
P480 200 204 208 212 216 
P528 220 224 228 232 236 
P576 240 244 248 252 256 
P624 260 264 268 272 276 
P672 280 284 288 292 296 
P720 300 304 308 312 316 
P768 320 324 328 332 336 
P816 340 344 348 352 356 

==== Simulation Statistics ====
Requests granted immediately: 97
Requests granted after waiting: 97
Processes terminated by deadlock: 97
Processes terminated normally: 97
Deadlock detection runs: 97
Processes terminated per deadlock event: 97
===============================

Current system resources (available/total):
R0: 44/0  R4096: 10/0  R4096: 13/0  R4096: 13/0  R4096: 13/0  
Current process allocations:
    R97 R97 R97 R97 R97 
P0   0  4  8 12 16 
P48 20 24 28 32 36 
P96 40 44 48 52 56 
P144 60 64 68 72 76 
P192 80 84 88 92 96 
P240 100 104 108 112 116 
P288 120 124 128 132 136 
P336 140 144 148 152 156 
P384 160 164 168 172 176 
P432 180 184 188 192 196 
P480 200 204 208 212 216 
P528 220 224 228 232 236 
P576 240 244 248 252 256 
P624 260 264 268 272 276 
P672 280 284 288 292 296 
P720 300 304 308 312 316 
P768 320 324 328 332 336 
P816 340 344 348 352 356 

==== Simulation Statistics ====
Requests granted immediately: 97
Requests granted after waiting: 97
Processes terminated by deadlock: 97
Processes terminated normally: 97
Deadlock detection runs: 97
Processes terminated per deadlock event: 97
===============================

Current system resources (available/total):
R0: 44/0  R4096: 10/0  R4096: 13/0  R4096: 13/0  R4096: 13/0  
Current process allocations:
    R97 R97 R97 R97 R97 
P0   0  4  8 12 16 
P48 20 24 28 32 36 
P96 40 44 48 52 56 
P144 60 64 68 72 76 
P192 80 84 88 92 96 
P240 100 104 108 112 116 
P288 120 124 128 132 136 
P336 140 144 148 152 156 
P384 160 164 168 172 176 
P432 180 184 188 192 196 
P480 200 204 208 212 216 
P528 220 224 228 232 236 
P576 240 244 248 252 256 
P624 260 264 268 272 276 
P672 280 284 288 292 296 
P720 300 304 308 312 316 
P768 320 324 328 332 336 
P816 340 344 348 352 356 

==== Simulation Statistics ====
Requests granted immediately: 97
Requests granted after waiting: 97
Processes terminated by deadlock: 97
Processes terminated normally: 97
Deadlock detection runs: 97
Processes terminated per deadlock event: 97
===============================

Current system resources (available/total):
R0: 44/0  R4096: 10/0  R4096: 13/0  R4096: 13/0  R4096: 13/0  
Current process allocations:
    R97 R97 R97 R97 R97 
P0   0  4  8 12 16 
P48 20 24 28 32 36 
P96 40 44 48 52 56 
P144 60 64 68 72 76 
P192 80 84 88 92 96 
P240 100 104 108 112 116 
P288 120 124 128 132 136 
P336 140 144 148 152 156 
P384 160 164 168 172 176 
P432 180 184 188 192 196 
P480 200 204 208 212 216 
P528 220 224 228 232 236 
P576 240 244 248 252 256 
P624 260 264 268 272 276 
P672 280 284 288 292 296 
P720 300 304 308 312 316 
P768 320 324 328 332 336 
P816 340 344 348 352 356 

==== Simulation Statistics ====
Requests granted immediately: 97
Requests granted after waiting: 97
Processes terminated by deadlock: 97
Processes terminated normally: 97
Deadlock detection runs: 97
Processes terminated per deadlock event: 97
===============================

Current system resources (available/total):
R0: 44/0  R4096: 10/0  R4096: 13/0  R4096: 13/0  R4096: 13/0  
Current process allocations:
    R97 R97 R97 R97 R97 
P0   0  4  8 12 16 
P48 20 24 28 32 36 
P96 40 44 48 52 56 
P144 60 64 68 72 76 
P192 80 84 88 92 96 
P240 100 104 108 112 116 
P288 120 124 128 132 136 
P336 140 144 148 152 156 
P384 160 164 168 172 176 
P432 180 184 188 192 196 
P480 200 204 208 212 216 
P528 220 224 228 232 236 
P576 240 244 248 252 256 
P624 260 264 268 272 276 
P672 280 284 288 292 296 
P720 300 304 308 312 316 
P768 320 324 328 332 336 
P816 340 344 348 352 356 

==== Simulation Statistics ====
Requests granted immediately: 97
Requests granted after waiting: 97
Processes terminated by deadlock: 97
Processes terminated normally: 97
Deadlock detection runs: 97
Processes terminated per deadlock event: 97
===============================

Current system resources (available/total):
R0: 44/0  R4096: 10/0  R4096: 13/0  R4096: 13/0  R4096: 13/0  
Current process allocations:
    R97 R97 R97 R97 R97 
P0   0  4  8 12 16 
P48 20 24 28 32 36 
P96 40 44 48 52 56 
P144 60 64 68 72 76 
P192 80 84 88 92 96 
P240 100 104 108 112 116 
P288 120 124 128 132 136 
P336 140 144 148 152 156 
P384 160 164 168 172 176 
P432 180 184 188 192 196 
P480 200 204 208 212 216 
P528 220 224 228 232 236 
P576 240 244 248 252 256 
P624 260 264 268 272 276 
P672 280 284 288 292 296 
P720 300 304 308 312 316 
P768 320 324 328 332 336 
P816 340 344 348 352 356 

==== Simulation Statistics ====
Requests granted immediately: 97
Requests granted after waiting: 97
Processes terminated by deadlock: 97
Processes terminated normally: 97
Deadlock detection runs: 97
Processes terminated per deadlock event: 97
===============================

Current system resources (available/total):
R0: 44/0  R4096: 10/0  R4096: 13/0  R4096: 13/0  R4096: 13/0  
Current process allocations:
    R97 R97 R97 R97 R97 
P0   0  4  8 12 16 
P48 20 24 28 32 36 
P96 40 44 48 52 56 
P144 60 64 68 72 76 
P192 80 84 88 92 96 
P240 100 104 108 112 116 
P288 120 124 128 132 136 
P336 140 144 148 152 156 
P384 160 164 168 172 176 
P432 180 184 188 192 196 
P480 200 204 208 212 216 
P528 220 224 228 232 236 
P576 240 244 248 252 256 
P624 260 264 268 272 276 
P672 280 284 288 292 296 
P720 300 304 308 312 316 
P768 320 324 328 332 336 
P816 340 344 348 352 356 

==== Simulation Statistics ====
Requests granted immediately: 97
Requests granted after waiting: 97
Processes terminated by deadlock: 97
Processes terminated normally: 97
Deadlock detection runs: 97
Processes terminated per deadlock event: 97
===============================

Current system resources (available/total):
R0: 44/0  R4096: 10/0  R4096: 13/0  R4096: 13/0  R4096: 13/0  
Current process allocations:
    R97 R97 R97 R97 R97 
P0   0  4  8 12 16 
P48 20 24 28 32 36 
P96 40 44 48 52 56 
P144 60 64 68 72 76 
P192 80 84 88 92 96 
P240 100 104 108 112 116 
P288 120 124 128 132 136 
P336 140 144 148 152 156 
P384 160 164 168 172 176 
P432 180 184 188 192 196 
P480 200 204 208 212 216 
P528 220 224 228 232 236 
P576 240 244 248 252 256 
P624 260 264 268 272 276 
P672 280 284 288 292 296 
P720 300 304 308 312 316 
P768 320 324 328 332 336 
P816 340 344 348 352 356 

==== Simulation Statistics ====
Requests granted immediately: 97
Requests granted after waiting: 97
Processes terminated by deadlock: 97
Processes terminated normally: 97
Deadlock detection runs: 97
Processes terminated per deadlock event: 97
===============================

Current system resources (available/total):
R0: 44/0  R4096: 10/0  R4096: 13/0  R4096: 13/0  R4096: 13/0  
Current process allocations:
    R97 R97 R97 R97 R97 
P0   0  4  8 12 16 
P48 20 24 28 32 36 
P96 40 44 48 52 56 
P144 60 64 68 72 76 
P192 80 84 88 92 96 
P240 100 104 108 112 116 
P288 120 124 128 132 136 
P336 140 144 148 152 156 
P384 160 164 168 172 176 
P432 180 184 188 192 196 
P480 200 204 208 212 216 
P528 220 224 228 232 236 
P576 240 244 248 252 256 
P624 260 264 268 272 276 
P672 280 284 288 292 296 
P720 300 304 308 312 316 
P768 320 324 328 332 336 
P816 340 344 348 352 356 

==== Simulation Statistics ====
Requests granted immediately: 97
Requests granted after waiting: 97
Processes terminated by deadlock: 97
Processes terminated normally: 97
Deadlock detection runs: 97
Processes terminated per deadlock event: 97
===============================

Current system resources (available/total):
R0: 44/0  R4096: 10/0  R4096: 13/0  R4096: 13/0  R4096: 13/0  
Current process allocations:
    R97 R97 R97 R97 R97 
P0   0  4  8 12 16 
P48 20 24 28 32 36 
P96 40 44 48 52 56 
P144 60 64 68 72 76 
P192 80 84 88 92 96 
P240 100 104 108 112 116 
P288 120 124 128 132 136 
P336 140 144 148 152 156 
P384 160 164 168 172 176 
P432 180 184 188 192 196 
P480 200 204 208 212 216 
P528 220 224 228 232 236 
P576 240 244 248 252 256 
P624 260 264 268 272 276 
P672 280 284 288 292 296 
P720 300 304 308 312 316 
P768 320 324 328 332 336 
P816 340 344 348 352 356 

==== Simulation Statistics ====
Requests granted immediately: 97
Requests granted after waiting: 97
Processes terminated by deadlock: 97
Processes terminated normally: 97
Deadlock detection runs: 97
Processes terminated per deadlock event: 97
===============================

Current system resources (available/total):
R0: 44/0  R4096: 10/0  R4096: 13/0  R4096: 13/0  R4096: 13/0  
Current process allocations:
    R97 R97 R97 R97 R97 
P0   0  4  8 12 16 
P48 20 24 28 32 36 
P96 40 44 48 52 56 
P144 60 64 68 72 76 
P192 80 84 88 92 96 
P240 100 104 108 112 116 
P288 120 124 128 132 136 
P336 140 144 148 152 156 
P384 160 164 168 172 176 
P432 180 184 188 192 196 
P480 200 204 208 212 216 
P528 220 224 228 232 236 
P576 240 244 248 252 256 
P624 260 264 268 272 276 
P672 280 284 288 292 296 
P720 300 304 308 312 316 
P768 320 324 328 332 336 
P816 340 344 348 352 356 

==== Simulation Statistics ====
Requests granted immediately: 97
Requests granted after waiting: 97
Processes terminated by deadlock: 97
Processes terminated normally: 97
Deadlock detection runs: 97
Processes terminated per deadlock event: 97
===============================

Current system resources (available/total):
R0: 44/0  R4096: 10/0  R4096: 13/0  R4096: 13/0  R4096: 13/0  
Current process allocations:
    R97 R97 R97 R97 R97 
P0   0  4  8 12 16 
P48 20 24 28 32 36 
P96 40 44 48 52 56 
P144 60 64 68 72 76 
P192 80 84 88 92 96 
P240 100 104 108 112 116 
P288 120 124 128 132 136 
P336 140 144 148 152 156 
P384 160 164 168 172 176 
P432 180 184 188 192 196 
P480 200 204 208 212 216 
P528 220 224 228 232 236 
P576 240 244 248 252 256 
P624 260 264 268 272 276 
P672 280 284 288 292 296 
P720 300 304 308 312 316 
P768 320 324 328 332 336 
P816 340 344 348 352 356 

==== Simulation Statistics ====
Requests granted immediately: 97
Requests granted after waiting: 97
Processes terminated by deadlock: 97
Processes terminated normally: 97
Deadlock detection runs: 97
Processes terminated per deadlock event: 97
===============================

Current system resources (available/total):
R0: 44/0  R4096: 10/0  R4096: 13/0  R4096: 13/0  R4096: 13/0  
Current process allocations:
    R97 R97 R97 R97 R97 
P0   0  4  8 12 16 
P48 20 24 28 32 36 
P96 40 44 48 52 56 
P144 60 64 68 72 76 
P192 80 84 88 92 96 
P240 100 104 108 112 116 
P288 120 124 128 132 136 
P336 140 144 148 152 156 
P384 160 164 168 172 176 
P432 180 184 188 192 196 
P480 200 204 208 212 216 
P528 220 224 228 232 236 
P576 240 244 248 252 256 
P624 260 264 268 272 276 
P672 280 284 288 292 296 
P720 300 304 308 312 316 
P768 320 324 328 332 336 
P816 340 344 348 352 356 

==== Simulation Statistics ====
Requests granted immediately: 97
Requests granted after waiting: 97
Processes terminated by deadlock: 97
Processes terminated normally: 97
Deadlock detection runs: 97
Processes terminated per deadlock event: 97
===============================

Current system resources (available/total):
R0: 44/0  R4096: 10/0  R4096: 13/0  R4096: 13/0  R4096: 13/0  
Current process allocations:
    R97 R97 R97 R97 R97 
P0   0  4  8 12 16 
P48 20 24 28 32 36 
P96 40 44 48 52 56 
P144 60 64 68 72 76 
P192 80 84 88 92 96 
P240 100 104 108 112 116 
P288 120 124 128 132 136 
P336 140 144 148 152 156 
P384 160 164 168 172 176 
P432 180 184 188 192 196 
P480 200 204 208 212 216 
P528 220 224 228 232 236 
P576 240 244 248 252 256 
P624 260 264 268 272 276 
P672 280 284 288 292 296 
P720 300 304 308 312 316 
P768 320 324 328 332 336 
P816 340 344 348 352 356 

==== Simulation Statistics ====
Requests granted immediately: 97
Requests granted after waiting: 97
Processes terminated by deadlock: 97
Processes terminated normally: 97
Deadlock detection runs: 97
Processes terminated per deadlock event: 97
===============================

Current system resources (available/total):
R0: 44/0  R4096: 10/0  R4096: 13/0  R4096: 13/0  R4096: 13/0  
Current process allocations:
    R97 R97 R97 R97 R97 
P0   0  4  8 12 16 
P48 20 24 28 32 36 
P96 40 44 48 52 56 
P144 60 64 68 72 76 
P192 80 84 88 92 96 
P240 100 104 108 112 116 
P288 120 124 128 132 136 
P336 140 144 148 152 156 
P384 160 164 168 172 176 
P432 180 184 188 192 196 
P480 200 204 208 212 216 
P528 220 224 228 232 236 
P576 240 244 248 252 256 
P624 260 264 268 272 276 
P672 280 284 288 292 296 
P720 300 304 308 312 316 
P768 320 324 328 332 336 
P816 340 344 348 352 356 

==== Simulation Statistics ====
Requests granted immediately: 97
Requests granted after waiting: 97
Processes terminated by deadlock: 97
Processes terminated normally: 97
Deadlock detection runs: 97
Processes terminated per deadlock event: 97
===============================

Current system resources (available/total):
R0: 44/0  R4096: 10/0  R4096: 13/0  R4096: 13/0  R4096: 13/0  
Current process allocations:
    R97 R97 R97 R97 R97 
P0   0  4  8 12 16 
P48 20 24 28 32 36 
P96 40 44 48 52 56 
P144 60 64 68 72 76 
P192 80 84 88 92 96 
P240 100 104 108 112 116 
P288 120 124 128 132 136 
P336 140 144 148 152 156 
P384 160 164 168 172 176 
P432 180 184 188 192 196 
P480 200 204 208 212 216 
P528 220 224 228 232 236 
P576 240 244 248 252 256 
P624 260 264 268 272 276 
P672 280 284 288 292 296 
P720 300 304 308 312 316 
P768 320 324 328 332 336 
P816 340 344 348 352 356 

==== Simulation Statistics ====
Requests granted immediately: 97
Requests granted after waiting: 97
Processes terminated by deadlock: 97
Processes terminated normally: 97
Deadlock detection runs: 97
Processes terminated per deadlock event: 97
===============================

OSS: Granted resource 52 to process 140733578766584 at time 0:0
OSS: Granted resource 52 to process 140733578766584 at time 0:0
OSS: Granted resource 52 to process 140733578766584 at time 0:0
OSS: Granted resource 52 to process 140733578766584 at time 0:0
OSS: Granted resource 52 to process 140733578766584 at time 0:0
OSS: Granted resource 52 to process 140733578766584 at time 0:0
OSS: Granted resource 52 to process 140733578766584 at time 0:0
OSS: Granted resource 52 to process 140733578766584 at time 0:0
OSS: Granted resource 52 to process 140733578766584 at time 0:0
OSS: Granted resource 52 to process 140733578766584 at time 0:0
OSS: Not enough resources for process 0, adding to wait queue at time 52:385378552
Current system resources (available/total):
R0: 44/1  R4096: 10/1  R4096: 13/1  R4096: 13/1  R4096: 13/1  
Current process allocations:
    R97 R97 R97 R97 R97 
P0   0  4  8 12 16 
P48 20 24 28 32 36 
P96 40 44 48 52 56 
P144 60 64 68 72 76 
P192 80 84 88 92 96 
P240 100 104 108 112 116 
P288 120 124 128 132 136 
P336 140 144 148 152 156 
P384 160 164 168 172 176 
P432 180 184 188 192 196 
P480 200 204 208 212 216 
P528 220 224 228 232 236 
P576 240 244 248 252 256 
P624 260 264 268 272 276 
P672 280 284 288 292 296 
P720 300 304 308 312 316 
P768 320 324 328 332 336 
P816 340 344 348 352 356 
OSS: Deadlock detection: No deadlocks detected at time 10:2048
Current system resources (available/total):
R0: 44/5  R4096: 10/5  R4096: 13/5  R4096: 13/5  R4096: 13/5  
Current process allocations:
    R97 R97 R97 R97 R97 
P0   0  4  8 12 16 
P48 20 24 28 32 36 
P96 40 44 48 52 56 
P144 60 64 68 72 76 
P192 80 84 88 92 96 
P240 100 104 108 112 116 
P288 120 124 128 132 136 
P336 140 144 148 152 156 
P384 160 164 168 172 176 
P432 180 184 188 192 196 
P480 200 204 208 212 216 
P528 220 224 228 232 236 
P576 240 244 248 252 256 
P624 260 264 268 272 276 
P672 280 284 288 292 296 
P720 300 304 308 312 316 
P768 320 324 328 332 336 
P816 340 344 348 352 356 
Current system resources (available/total):
R0: 44/1  R4096: 10/1  R4096: 13/1  R4096: 13/1  R4096: 13/1  
Current process allocations:
    R97 R97 R97 R97 R97 
P0   0  4  8 12 16 
P48 20 24 28 32 36 
P96 40 44 48 52 56 
P144 60 64 68 72 76 
P192 80 84 88 92 96 
P240 100 104 108 112 116 
P288 120 124 128 132 136 
P336 140 144 148 152 156 
P384 160 164 168 172 176 
P432 180 184 188 192 196 
P480 200 204 208 212 216 
P528 220 224 228 232 236 
P576 240 244 248 252 256 
P624 260 264 268 272 276 
P672 280 284 288 292 296 
P720 300 304 308 312 316 
P768 320 324 328 332 336 
P816 340 344 348 352 356 
OSS: Deadlock detection: No deadlocks detected at time 10:2048
Current system resources (available/total):
R0: 44/5  R4096: 10/5  R4096: 13/5  R4096: 13/5  R4096: 13/5  
Current process allocations:
    R97 R97 R97 R97 R97 
P0   0  4  8 12 16 
P48 20 24 28 32 36 
P96 40 44 48 52 56 
P144 60 64 68 72 76 
P192 80 84 88 92 96 
P240 100 104 108 112 116 
P288 120 124 128 132 136 
P336 140 144 148 152 156 
P384 160 164 168 172 176 
P432 180 184 188 192 196 
P480 200 204 208 212 216 
P528 220 224 228 232 236 
P576 240 244 248 252 256 
P624 260 264 268 272 276 
P672 280 284 288 292 296 
P720 300 304 308 312 316 
P768 320 324 328 332 336 
P816 340 344 348 352 356 
Current system resources (available/total):
R0: 44/1  R4096: 10/1  R4096: 13/1  R4096: 13/1  R4096: 13/1  
Current process allocations:
    R97 R97 R97 R97 R97 
P0   0  4  8 12 16 
P48 20 24 28 32 36 
P96 40 44 48 52 56 
P144 60 64 68 72 76 
P192 80 84 88 92 96 
P240 100 104 108 112 116 
P288 120 124 128 132 136 
P336 140 144 148 152 156 
P384 160 164 168 172 176 
P432 180 184 188 192 196 
P480 200 204 208 212 216 
P528 220 224 228 232 236 
P576 240 244 248 252 256 
P624 260 264 268 272 276 
P672 280 284 288 292 296 
P720 300 304 308 312 316 
P768 320 324 328 332 336 
P816 340 344 348 352 356 
OSS: Deadlock detection: No deadlocks detected at time 10:2048
Current system resources (available/total):
R0: 44/5  R4096: 10/5  R4096: 13/5  R4096: 13/5  R4096: 13/5  
Current process allocations:
    R97 R97 R97 R97 R97 
P0   0  4  8 12 16 
P48 20 24 28 32 36 
P96 40 44 48 52 56 
P144 60 64 68 72 76 
P192 80 84 88 92 96 
P240 100 104 108 112 116 
P288 120 124 128 132 136 
P336 140 144 148 152 156 
P384 160 164 168 172 176 
P432 180 184 188 192 196 
P480 200 204 208 212 216 
P528 220 224 228 232 236 
P576 240 244 248 252 256 
P624 260 264 268 272 276 
P672 280 284 288 292 296 
P720 300 304 308 312 316 
P768 320 324 328 332 336 
P816 340 344 348 352 356 
Current system resources (available/total):
R0: 44/1  R4096: 10/1  R4096: 13/1  R4096: 13/1  R4096: 13/1  
Current process allocations:
    R97 R97 R97 R97 R97 
P0   0  4  8 12 16 
P48 20 24 28 32 36 
P96 40 44 48 52 56 
P144 60 64 68 72 76 
P192 80 84 88 92 96 
P240 100 104 108 112 116 
P288 120 124 128 132 136 
P336 140 144 148 152 156 
P384 160 164 168 172 176 
P432 180 184 188 192 196 
P480 200 204 208 212 216 
P528 220 224 228 232 236 
P576 240 244 248 252 256 
P624 260 264 268 272 276 
P672 280 284 288 292 296 
P720 300 304 308 312 316 
P768 320 324 328 332 336 
P816 340 344 348 352 356 
OSS: Deadlock detection: No deadlocks detected at time 10:2048
Current system resources (available/total):
R0: 44/5  R4096: 10/5  R4096: 13/5  R4096: 13/5  R4096: 13/5  
Current process allocations:
    R97 R97 R97 R97 R97 
P0   0  4  8 12 16 
P48 20 24 28 32 36 
P96 40 44 48 52 56 
P144 60 64 68 72 76 
P192 80 84 88 92 96 
P240 100 104 108 112 116 
P288 120 124 128 132 136 
P336 140 144 148 152 156 
P384 160 164 168 172 176 
P432 180 184 188 192 196 
P480 200 204 208 212 216 
P528 220 224 228 232 236 
P576 240 244 248 252 256 
P624 260 264 268 272 276 
P672 280 284 288 292 296 
P720 300 304 308 312 316 
P768 320 324 328 332 336 
P816 340 344 348 352 356 
Current system resources (available/total):
R0: 44/1  R4096: 10/1  R4096: 13/1  R4096: 13/1  R4096: 13/1  
Current process allocations:
    R97 R97 R97 R97 R97 
P0   0  4  8 12 16 
P48 20 24 28 32 36 
P96 40 44 48 52 56 
P144 60 64 68 72 76 
P192 80 84 88 92 96 
P240 100 104 108 112 116 
P288 120 124 128 132 136 
P336 140 144 148 152 156 
P384 160 164 168 172 176 
P432 180 184 188 192 196 
P480 200 204 208 212 216 
P528 220 224 228 232 236 
P576 240 244 248 252 256 
P624 260 264 268 272 276 
P672 280 284 288 292 296 
P720 300 304 308 312 316 
P768 320 324 328 332 336 
P816 340 344 348 352 356 
OSS: Deadlock detection: No deadlocks detected at time 10:2048
Current system resources (available/total):
R0: 44/5  R4096: 10/5  R4096: 13/5  R4096: 13/5  R4096: 13/5  
Current process allocations:
    R97 R97 R97 R97 R97 
P0   0  4  8 12 16 
P48 20 24 28 32 36 
P96 40 44 48 52 56 
P144 60 64 68 72 76 
P192 80 84 88 92 96 
P240 100 104 108 112 116 
P288 120 124 128 132 136 
P336 140 144 148 152 156 
P384 160 164 168 172 176 
P432 180 184 188 192 196 
P480 200 204 208 212 216 
P528 220 224 228 232 236 
P576 240 244 248 252 256 
P624 260 264 268 272 276 
P672 280 284 288 292 296 
P720 300 304 308 312 316 
P768 320 324 328 332 336 
P816 340 344 348 352 356 
OSS: Simulation terminating at time 10:254
Current system resources (available/total):
R0: 44/1  R4096: 10/1  R4096: 13/1  R4096: 13/1  R4096: 13/1  
Current process allocations:
    R97 R97 R97 R97 R97 
P0   0  4  8 12 16 
P48 20 24 28 32 36 
P96 40 44 48 52 56 
P144 60 64 68 72 76 
P192 80 84 88 92 96 
P240 100 104 108 112 116 
P288 120 124 128 132 136 
P336 140 144 148 152 156 
P384 160 164 168 172 176 
P432 180 184 188 192 196 
P480 200 204 208 212 216 
P528 220 224 228 232 236 
P576 240 244 248 252 256 
P624 260 264 268 272 276 
P672 280 284 288 292 296 
P720 300 304 308 312 316 
P768 320 324 328 332 336 
P816 340 344 348 352 356 

==== Simulation Statistics ====
Requests granted immediately: 97
Requests granted after waiting: 97
Processes terminated by deadlock: 97
Processes terminated normally: 97
Deadlock detection runs: 97
Processes terminated per deadlock event: 97
===============================


==== Simulation Statistics ====
Requests granted immediately: 97
Requests granted after waiting: 97
Processes terminated by deadlock: 97
Processes terminated normally: 97
Deadlock detection runs: 97
Processes terminated per deadlock event: 97
===============================

